Build started 12/07/16 5:36:50 PM.
     1>Project "C:\Users\Nick\Documents\Humber Game\year 3\NYXEngine\NYXEngine\NYXEngine.vcxproj" on node 2 (Build target(s)).
     1>ClCompile:
         C:\Program Files (x86)\Microsoft Visual Studio 14.0\VC\bin\CL.exe /c /I"C:\Users\Nick\Documents\Humber Game\year 3\NYXEngine\Include" /ZI /nologo /W3 /WX- /sdl /Od /Oy- /D _MBCS /Gm /EHsc /RTC1 /MDd /GS /fp:precise /Zc:wchar_t /Zc:forScope /Zc:inline /Fo"Debug\\" /Fd"Debug\NYXEngine.pdb" /Gd /TP /analyze- /errorReport:prompt Camera.cpp Controller.cpp LoadShaders.cpp Mesh.cpp Model.cpp NYX.cpp Renderer.cpp Window.cpp
         Window.cpp
     1>c:\users\nick\documents\humber game\year 3\nyxengine\nyxengine\window.cpp(23): warning C4244: 'argument': conversion from 'float' to 'int', possible loss of data
     1>c:\users\nick\documents\humber game\year 3\nyxengine\nyxengine\window.cpp(61): warning C4244: 'argument': conversion from 'float' to 'int', possible loss of data
         Renderer.cpp
         NYX.cpp
         Model.cpp
     1>c:\users\nick\documents\humber game\year 3\nyxengine\nyxengine\model.cpp(15): warning C4305: '+=': truncation from 'double' to 'float'
         Mesh.cpp
         LoadShaders.cpp
         Controller.cpp
         Camera.cpp
         Generating Code...
       Lib:
         C:\Program Files (x86)\Microsoft Visual Studio 14.0\VC\bin\Lib.exe /OUT:"C:\Users\Nick\Documents\Humber Game\year 3\NYXEngine\Debug\NYXEngine.lib" "C:\Users\Nick\Documents\Humber Game\year 3\NYXEngine\Include\SDL\lib\x86\SDL2.lib" "C:\Users\Nick\Documents\Humber Game\year 3\NYXEngine\Include\SDL\lib\x86\SDL2main.lib" "C:\Users\Nick\Documents\Humber Game\year 3\NYXEngine\Include\OpenGL\lib\freeglutd.lib" "C:\Users\Nick\Documents\Humber Game\year 3\NYXEngine\Include\OpenGL\lib\glew32s.lib" opengl32.lib glu32.lib /NOLOGO Debug\Camera.obj
         Debug\Controller.obj
         Debug\LoadShaders.obj
         Debug\Mesh.obj
         Debug\Model.obj
         Debug\NYX.obj
         Debug\Renderer.obj
         Debug\Window.obj
     1>freeglutd.lib(freeglut.dll) : warning LNK4006: __NULL_IMPORT_DESCRIPTOR already defined in SDL2.lib(SDL2.dll); second definition ignored
     1>freeglutd.lib(freeglut.dll) : warning LNK4221: This object file does not define any previously undefined public symbols, so it will not be used by any link operation that consumes this library
     1>opengl32.lib(OPENGL32.dll) : warning LNK4006: __NULL_IMPORT_DESCRIPTOR already defined in SDL2.lib(SDL2.dll); second definition ignored
     1>opengl32.lib(OPENGL32.dll) : warning LNK4221: This object file does not define any previously undefined public symbols, so it will not be used by any link operation that consumes this library
     1>glu32.lib(GLU32.dll) : warning LNK4006: __NULL_IMPORT_DESCRIPTOR already defined in SDL2.lib(SDL2.dll); second definition ignored
     1>glu32.lib(GLU32.dll) : warning LNK4221: This object file does not define any previously undefined public symbols, so it will not be used by any link operation that consumes this library
         NYXEngine.vcxproj -> C:\Users\Nick\Documents\Humber Game\year 3\NYXEngine\Debug\NYXEngine.lib
     1>Done Building Project "C:\Users\Nick\Documents\Humber Game\year 3\NYXEngine\NYXEngine\NYXEngine.vcxproj" (Build target(s)).

Build succeeded.

Time Elapsed 00:00:05.23
