Build started 12/07/16 5:29:59 PM.
     1>Project "C:\Users\Nick\Documents\Humber Game\year 3\NYXEngine\NYXEngine\NYXEngine.vcxproj" on node 2 (Build target(s)).
     1>ClCompile:
         C:\Program Files (x86)\Microsoft Visual Studio 14.0\VC\bin\x86_amd64\CL.exe /c /ZI /nologo /W3 /WX- /sdl /Od /D _MBCS /Gm /EHsc /RTC1 /MDd /GS /fp:precise /Zc:wchar_t /Zc:forScope /Zc:inline /Fo"x64\Debug\\" /Fd"x64\Debug\NYXEngine.pdb" /Gd /TP /errorReport:prompt Camera.cpp Controller.cpp LoadShaders.cpp Mesh.cpp Model.cpp NYX.cpp Renderer.cpp Window.cpp
         Window.cpp
     1>c:\users\nick\documents\humber game\year 3\nyxengine\nyxengine\renderer.h(5): fatal error C1083: Cannot open include file: 'OpenGL\include\glew.h': No such file or directory
         Renderer.cpp
     1>c:\users\nick\documents\humber game\year 3\nyxengine\nyxengine\renderer.h(5): fatal error C1083: Cannot open include file: 'OpenGL\include\glew.h': No such file or directory
         NYX.cpp
     1>c:\users\nick\documents\humber game\year 3\nyxengine\nyxengine\renderer.h(5): fatal error C1083: Cannot open include file: 'OpenGL\include\glew.h': No such file or directory
         Model.cpp
     1>c:\users\nick\documents\humber game\year 3\nyxengine\nyxengine\mesh.h(6): fatal error C1083: Cannot open include file: 'glm\glm\glm.hpp': No such file or directory
         Mesh.cpp
     1>c:\users\nick\documents\humber game\year 3\nyxengine\nyxengine\mesh.h(6): fatal error C1083: Cannot open include file: 'glm\glm\glm.hpp': No such file or directory
         LoadShaders.cpp
     1>c:\users\nick\documents\humber game\year 3\nyxengine\nyxengine\loadshaders.cpp(11): fatal error C1083: Cannot open include file: 'OpenGL\include\glew.h': No such file or directory
         Controller.cpp
     1>c:\users\nick\documents\humber game\year 3\nyxengine\nyxengine\controller.h(2): fatal error C1083: Cannot open include file: 'SDL\Include\SDL_gamecontroller.h': No such file or directory
         Camera.cpp
     1>c:\users\nick\documents\humber game\year 3\nyxengine\nyxengine\camera.h(2): fatal error C1083: Cannot open include file: 'OpenGL\include\glew.h': No such file or directory
         Generating Code...
     1>Done Building Project "C:\Users\Nick\Documents\Humber Game\year 3\NYXEngine\NYXEngine\NYXEngine.vcxproj" (Build target(s)) -- FAILED.

Build FAILED.

Time Elapsed 00:00:02.69
